error: Aug-22-2021 11:20:56: 	Error: ENOENT: no such file or directory, lstat 'C:\Users\avigailc\Desktop\node-express-course\02-express-tutorial\public'
error: Aug-22-2021 11:21:34: 	Error: ENOENT: no such file or directory, lstat 'C:\Users\avigailc\Desktop\node-express-course\02-express-tutorial\public'
error: Aug-22-2021 11:21:37: 	Error: ENOENT: no such file or directory, lstat 'C:\Users\avigailc\Desktop\node-express-course\02-express-tutorial\public'
[32minfo[39m: Aug-23-2021 12:06:43: 	info
[32minfo[39m: Aug-23-2021 12:06:43: 	info
[32minfo[39m: Aug-23-2021 12:07:02: 	info
[32minfo[39m: Aug-23-2021 12:07:02: 	info
[32minfo[39m: Aug-23-2021 12:14:32: 	info-debug
[32minfo[39m: Aug-23-2021 12:14:32: 	info-debug
[32minfo[39m: Aug-23-2021 12:16:28: 	info-debug
[32minfo[39m: Aug-23-2021 12:16:28: 	info-debug
[32minfo[39m: Aug-23-2021 12:16:36: 	
[32minfo[39m: Aug-23-2021 12:16:36: 	
[32minfo[39m: Aug-23-2021 12:17:41: 	
[32minfo[39m: Aug-23-2021 12:17:41: 	
[32minfo[39m: Aug-23-2021 12:18:09: 	
[32minfo[39m: Aug-23-2021 12:18:09: 	
[32minfo[39m: Aug-23-2021 12:52:59: 	
[32minfo[39m: Aug-23-2021 12:52:59: 	
[32minfo[39m: Aug-23-2021 12:55:17: 	
[32minfo[39m: Aug-23-2021 12:55:17: 	
[32minfo[39m: Aug-23-2021 12:56:07: 	
[32minfo[39m: Aug-23-2021 12:56:07: 	
[32minfo[39m: Aug-23-2021 12:57:29: 	
[32minfo[39m: Aug-23-2021 12:57:29: 	
[32minfo[39m: Aug-23-2021 12:58:21: 	
[32minfo[39m: Aug-23-2021 12:58:21: 	
[32minfo[39m: Aug-23-2021 13:03:24: 	
[34mdebug[39m: Aug-23-2021 13:03:24: 	
[32minfo[39m: Aug-23-2021 13:03:24: 	
[34mdebug[39m: Aug-23-2021 13:03:24: 	
[32minfo[39m: Aug-23-2021 13:03:34: 	
[32minfo[39m: Aug-23-2021 13:03:34: 	
[32minfo[39m: Aug-23-2021 13:03:40: 	
[32minfo[39m: Aug-23-2021 13:03:40: 	
[32minfo[39m: Aug-23-2021 13:03:50: 	
[32minfo[39m: Aug-23-2021 13:03:50: 	
[32minfo[39m: Aug-23-2021 13:05:00: 	
[32minfo[39m: Aug-23-2021 13:05:00: 	
